This file contains any messages produced by compilers while
running configure, to aid debugging if configure makes a mistake.

It was created by configure, which was
generated by GNU Autoconf 2.61.  Invocation command line was

  $ ./configure 

## --------- ##
## Platform. ##
## --------- ##

hostname = debian
uname -m = i686
uname -r = 2.6.26-zen
uname -s = Linux
uname -v = #2 SMP Fri Nov 14 17:39:19 CET 2008

/usr/bin/uname -p = unknown
/bin/uname -X     = unknown

/bin/arch              = unknown
/usr/bin/arch -k       = unknown
/usr/convex/getsysinfo = unknown
/usr/bin/hostinfo      = unknown
/bin/machine           = unknown
/usr/bin/oslevel       = unknown
/bin/universe          = unknown

PATH: /usr/local/sbin
PATH: /usr/local/bin
PATH: /usr/sbin
PATH: /usr/bin
PATH: /sbin
PATH: /bin
PATH: /usr/X11R6/bin


## ----------- ##
## Core tests. ##
## ----------- ##

configure:1904: checking for grep that handles long lines and -e
configure:1978: result: /bin/grep
configure:1983: checking for egrep
configure:2061: result: /bin/grep -E
configure:2066: checking for a sed that does not truncate output
configure:2122: result: /bin/sed
configure:2245: checking for gcc
configure:2261: found /usr/bin/gcc
configure:2272: result: gcc
configure:2510: checking for C compiler version
configure:2517: gcc --version >&5
gcc (GCC) 4.2.4 (Debian 4.2.4-1)
Copyright (C) 2007 Free Software Foundation, Inc.
This is free software; see the source for copying conditions.  There is NO
warranty; not even for MERCHANTABILITY or FITNESS FOR A PARTICULAR PURPOSE.

configure:2520: $? = 0
configure:2527: gcc -v >&5
Using built-in specs.
Target: i486-linux-gnu
Configured with: ../src/configure -v --enable-languages=c,c++,fortran,objc,obj-c++ --prefix=/usr --enable-shared --with-system-zlib --libexecdir=/usr/lib --without-included-gettext --enable-threads=posix --enable-nls --with-gxx-include-dir=/usr/include/c++/4.2 --program-suffix=-4.2 --enable-clocale=gnu --enable-libstdcxx-debug --enable-objc-gc --enable-mpfr --disable-libmudflap --enable-targets=all --enable-checking=release --build=i486-linux-gnu --host=i486-linux-gnu --target=i486-linux-gnu
Thread model: posix
gcc version 4.2.4 (Debian 4.2.4-1)
configure:2530: $? = 0
configure:2537: gcc -V >&5
gcc: '-V' option must have argument
configure:2540: $? = 1
configure:2563: checking for C compiler default output file name
configure:2590: gcc    conftest.c  >&5
configure:2593: $? = 0
configure:2631: result: a.out
configure:2648: checking whether the C compiler works
configure:2658: ./a.out
configure:2661: $? = 0
configure:2678: result: yes
configure:2685: checking whether we are cross compiling
configure:2687: result: no
configure:2690: checking for suffix of executables
configure:2697: gcc -o conftest    conftest.c  >&5
configure:2700: $? = 0
configure:2724: result: 
configure:2730: checking for suffix of object files
configure:2756: gcc -c   conftest.c >&5
configure:2759: $? = 0
configure:2782: result: o
configure:2786: checking whether we are using the GNU C compiler
configure:2815: gcc -c   conftest.c >&5
configure:2821: $? = 0
configure:2838: result: yes
configure:2843: checking whether gcc accepts -g
configure:2873: gcc -c -g  conftest.c >&5
configure:2879: $? = 0
configure:2978: result: yes
configure:2995: checking for gcc option to accept ISO C89
configure:3069: gcc  -c -g -O2  conftest.c >&5
configure:3075: $? = 0
configure:3098: result: none needed
configure:3117: checking whether gcc and cc understand -c and -o together
configure:3152: gcc -c conftest.c -o conftest2.o >&5
configure:3155: $? = 0
configure:3161: gcc -c conftest.c -o conftest2.o >&5
configure:3164: $? = 0
configure:3175: cc -c conftest.c >&5
configure:3178: $? = 0
configure:3186: cc -c conftest.c -o conftest2.o >&5
configure:3189: $? = 0
configure:3195: cc -c conftest.c -o conftest2.o >&5
configure:3198: $? = 0
configure:3216: result: yes
configure:3232: checking for system library directory
configure:3250: result: lib
configure:3258: checking if compiler supports -R
configure:3287: gcc -o conftest -g -O2   conftest.c -R /usr/lib  >&5
gcc: unrecognized option '-R'
/usr/bin/ld: /usr/lib: No such file: File format not recognized
collect2: ld returned 1 exit status
configure:3293: $? = 1
configure: failed program was:
| /* confdefs.h.  */
| #define PACKAGE_NAME ""
| #define PACKAGE_TARNAME ""
| #define PACKAGE_VERSION ""
| #define PACKAGE_STRING ""
| #define PACKAGE_BUGREPORT ""
| /* end confdefs.h.  */
| 
| int
| main ()
| {
| 
|   ;
|   return 0;
| }
configure:3312: result: no
configure:3317: checking if compiler supports -Wl,-rpath,
configure:3346: gcc -o conftest -g -O2   conftest.c -Wl,-rpath,/usr/lib  >&5
configure:3352: $? = 0
configure:3371: result: yes
configure:3420: checking build system type
configure:3438: result: i686-pc-linux-gnu
configure:3460: checking host system type
configure:3475: result: i686-pc-linux-gnu
configure:3497: checking target system type
configure:3512: result: i686-pc-linux-gnu
configure:3624: checking for PHP prefix
configure:3626: result: /usr
configure:3628: checking for PHP includes
configure:3630: result: -I/usr/include/php5 -I/usr/include/php5/main -I/usr/include/php5/TSRM -I/usr/include/php5/Zend -I/usr/include/php5/ext -I/usr/include/php5/ext/date/lib -D_LARGEFILE_SOURCE -D_FILE_OFFSET_BITS=64
configure:3632: checking for PHP extension directory
configure:3634: result: /usr/lib/php5/20060613+lfs
configure:3636: checking for PHP installed headers prefix
configure:3638: result: /usr/include/php5
configure:3682: checking for re2c
configure:3712: result: no
configure:3737: WARNING: You will need re2c 0.12.0 or later if you want to regenerate PHP parsers.
configure:3751: checking for gawk
configure:3782: result: no
configure:3751: checking for nawk
configure:3768: found /usr/bin/nawk
configure:3779: result: nawk
configure:3804: checking if nawk is broken
configure:3813: result: no
configure:3826: checking Whether to enable the "avahi" extension
configure:3868: result: yes, shared
configure:4403: checking for ld used by gcc
configure:4470: result: /usr/bin/ld
configure:4479: checking if the linker (/usr/bin/ld) is GNU ld
configure:4494: result: yes
configure:4499: checking for /usr/bin/ld option to reload object files
configure:4506: result: -r
configure:4524: checking for BSD-compatible nm
configure:4573: result: /usr/bin/nm -B
configure:4577: checking whether ln -s works
configure:4581: result: yes
configure:4588: checking how to recognize dependent libraries
configure:4774: result: pass_all
configure:5018: checking how to run the C preprocessor
configure:5058: gcc -E  conftest.c
configure:5064: $? = 0
configure:5095: gcc -E  conftest.c
conftest.c:9:28: error: ac_nonexistent.h: No such file or directory
configure:5101: $? = 1
configure: failed program was:
| /* confdefs.h.  */
| #define PACKAGE_NAME ""
| #define PACKAGE_TARNAME ""
| #define PACKAGE_VERSION ""
| #define PACKAGE_STRING ""
| #define PACKAGE_BUGREPORT ""
| #define COMPILE_DL_AVAHI 1
| /* end confdefs.h.  */
| #include <ac_nonexistent.h>
configure:5134: result: gcc -E
configure:5163: gcc -E  conftest.c
configure:5169: $? = 0
configure:5200: gcc -E  conftest.c
conftest.c:9:28: error: ac_nonexistent.h: No such file or directory
configure:5206: $? = 1
configure: failed program was:
| /* confdefs.h.  */
| #define PACKAGE_NAME ""
| #define PACKAGE_TARNAME ""
| #define PACKAGE_VERSION ""
| #define PACKAGE_STRING ""
| #define PACKAGE_BUGREPORT ""
| #define COMPILE_DL_AVAHI 1
| /* end confdefs.h.  */
| #include <ac_nonexistent.h>
configure:5244: checking for ANSI C header files
configure:5274: gcc -c -g -O2  conftest.c >&5
configure:5280: $? = 0
configure:5379: gcc -o conftest -g -O2   conftest.c  >&5
configure:5382: $? = 0
configure:5388: ./conftest
configure:5391: $? = 0
configure:5408: result: yes
configure:5432: checking for sys/types.h
configure:5453: gcc -c -g -O2  conftest.c >&5
configure:5459: $? = 0
configure:5475: result: yes
configure:5432: checking for sys/stat.h
configure:5453: gcc -c -g -O2  conftest.c >&5
configure:5459: $? = 0
configure:5475: result: yes
configure:5432: checking for stdlib.h
configure:5453: gcc -c -g -O2  conftest.c >&5
configure:5459: $? = 0
configure:5475: result: yes
configure:5432: checking for string.h
configure:5453: gcc -c -g -O2  conftest.c >&5
configure:5459: $? = 0
configure:5475: result: yes
configure:5432: checking for memory.h
configure:5453: gcc -c -g -O2  conftest.c >&5
configure:5459: $? = 0
configure:5475: result: yes
configure:5432: checking for strings.h
configure:5453: gcc -c -g -O2  conftest.c >&5
configure:5459: $? = 0
configure:5475: result: yes
configure:5432: checking for inttypes.h
configure:5453: gcc -c -g -O2  conftest.c >&5
configure:5459: $? = 0
configure:5475: result: yes
configure:5432: checking for stdint.h
configure:5453: gcc -c -g -O2  conftest.c >&5
configure:5459: $? = 0
configure:5475: result: yes
configure:5432: checking for unistd.h
configure:5453: gcc -c -g -O2  conftest.c >&5
configure:5459: $? = 0
configure:5475: result: yes
configure:5502: checking dlfcn.h usability
configure:5519: gcc -c -g -O2  conftest.c >&5
configure:5525: $? = 0
configure:5539: result: yes
configure:5543: checking dlfcn.h presence
configure:5558: gcc -E  conftest.c
configure:5564: $? = 0
configure:5578: result: yes
configure:5606: checking for dlfcn.h
configure:5614: result: yes
configure:5915: checking for g77
configure:5945: result: no
configure:5915: checking for xlf
configure:5945: result: no
configure:5915: checking for f77
configure:5945: result: no
configure:5915: checking for frt
configure:5945: result: no
configure:5915: checking for pgf77
configure:5945: result: no
configure:5915: checking for cf77
configure:5945: result: no
configure:5915: checking for fort77
configure:5945: result: no
configure:5915: checking for fl32
configure:5945: result: no
configure:5915: checking for af77
configure:5945: result: no
configure:5915: checking for xlf90
configure:5945: result: no
configure:5915: checking for f90
configure:5945: result: no
configure:5915: checking for pgf90
configure:5945: result: no
configure:5915: checking for pghpf
configure:5945: result: no
configure:5915: checking for epcf90
configure:5945: result: no
configure:5915: checking for gfortran
configure:5945: result: no
configure:5915: checking for g95
configure:5945: result: no
configure:5915: checking for xlf95
configure:5945: result: no
configure:5915: checking for f95
configure:5945: result: no
configure:5915: checking for fort
configure:5945: result: no
configure:5915: checking for ifort
configure:5945: result: no
configure:5915: checking for ifc
configure:5945: result: no
configure:5915: checking for efc
configure:5945: result: no
configure:5915: checking for pgf95
configure:5945: result: no
configure:5915: checking for lf95
configure:5945: result: no
configure:5915: checking for ftn
configure:5945: result: no
configure:5972: checking for Fortran 77 compiler version
configure:5979:  --version >&5
./configure: line 5980: --version: command not found
configure:5982: $? = 127
configure:5989:  -v >&5
./configure: line 5990: -v: command not found
configure:5992: $? = 127
configure:5999:  -V >&5
./configure: line 6000: -V: command not found
configure:6002: $? = 127
configure:6010: checking whether we are using the GNU Fortran 77 compiler
configure:6029:  -c  conftest.F >&5
./configure: line 6030: -c: command not found
configure:6035: $? = 127
configure: failed program was:
|       program main
| #ifndef __GNUC__
|        choke me
| #endif
| 
|       end
configure:6052: result: no
configure:6058: checking whether  accepts -g
configure:6075:  -c -g conftest.f >&5
./configure: line 6076: -c: command not found
configure:6081: $? = 127
configure: failed program was:
|       program main
| 
|       end
configure:6097: result: no
configure:6126: checking the maximum length of command line arguments
configure:6238: result: 98304
configure:6250: checking command to parse /usr/bin/nm -B output from gcc object
configure:6355: gcc -c -g -O2  conftest.c >&5
configure:6358: $? = 0
configure:6362: /usr/bin/nm -B conftest.o \| sed -n -e 's/^.*[ 	]\([ABCDGIRSTW][ABCDGIRSTW]*\)[ 	][ 	]*\([_A-Za-z][_A-Za-z0-9]*\)$/\1 \2 \2/p' \> conftest.nm
configure:6365: $? = 0
configure:6417: gcc -o conftest -g -O2   conftest.c conftstm.o >&5
configure:6420: $? = 0
configure:6458: result: ok
configure:6462: checking for objdir
configure:6477: result: .libs
configure:6569: checking for ar
configure:6585: found /usr/bin/ar
configure:6596: result: ar
configure:6665: checking for ranlib
configure:6681: found /usr/bin/ranlib
configure:6692: result: ranlib
configure:6761: checking for strip
configure:6777: found /usr/bin/strip
configure:6788: result: strip
configure:7390: checking if gcc supports -fno-rtti -fno-exceptions
configure:7408: gcc -c -g -O2  -fno-rtti -fno-exceptions conftest.c >&5
cc1: warning: command line option "-fno-rtti" is valid for C++/ObjC++ but not for C
configure:7412: $? = 0
configure:7425: result: no
configure:7440: checking for gcc option to produce PIC
configure:7672: result: -fPIC
configure:7680: checking if gcc PIC flag -fPIC works
configure:7698: gcc -c -g -O2  -fPIC -DPIC conftest.c >&5
configure:7702: $? = 0
configure:7715: result: yes
configure:7743: checking if gcc static flag -static works
configure:7771: result: yes
configure:7781: checking if gcc supports -c -o file.o
configure:7802: gcc -c -g -O2  -o out/conftest2.o conftest.c >&5
configure:7806: $? = 0
configure:7828: result: yes
configure:7854: checking whether the gcc linker (/usr/bin/ld) supports shared libraries
configure:8835: result: yes
configure:8856: checking whether -lc should be explicitly linked in
configure:8861: gcc -c -g -O2  conftest.c >&5
configure:8864: $? = 0
configure:8879: gcc -shared conftest.o  -v -Wl,-soname -Wl,conftest -o conftest 2\>\&1 \| grep  -lc  \>/dev/null 2\>\&1
configure:8882: $? = 0
configure:8894: result: no
configure:8902: checking dynamic linker characteristics
configure:9516: result: GNU/Linux ld.so
configure:9540: checking how to hardcode library paths into programs
configure:9565: result: immediate
configure:9579: checking whether stripping libraries is possible
configure:9584: result: yes
configure:10386: checking if libtool supports shared libraries
configure:10388: result: yes
configure:10391: checking whether to build shared libraries
configure:10412: result: yes
configure:10415: checking whether to build static libraries
configure:10419: result: no
configure:10513: creating libtool
configure:20019: creating ./config.status

## ---------------------- ##
## Running config.status. ##
## ---------------------- ##

This file was extended by config.status, which was
generated by GNU Autoconf 2.61.  Invocation command line was

  CONFIG_FILES    = 
  CONFIG_HEADERS  = 
  CONFIG_LINKS    = 
  CONFIG_COMMANDS = 
  $ ./config.status 

on debian

config.status:515: creating config.h
config.status:663: config.h is unchanged

## ---------------- ##
## Cache variables. ##
## ---------------- ##

ac_cv_build=i686-pc-linux-gnu
ac_cv_c_compiler_gnu=yes
ac_cv_env_CC_set=
ac_cv_env_CC_value=
ac_cv_env_CFLAGS_set=
ac_cv_env_CFLAGS_value=
ac_cv_env_CPPFLAGS_set=
ac_cv_env_CPPFLAGS_value=
ac_cv_env_CPP_set=
ac_cv_env_CPP_value=
ac_cv_env_CXXCPP_set=
ac_cv_env_CXXCPP_value=
ac_cv_env_F77_set=
ac_cv_env_F77_value=
ac_cv_env_FFLAGS_set=
ac_cv_env_FFLAGS_value=
ac_cv_env_LDFLAGS_set=
ac_cv_env_LDFLAGS_value=
ac_cv_env_LIBS_set=
ac_cv_env_LIBS_value=
ac_cv_env_build_alias_set=
ac_cv_env_build_alias_value=
ac_cv_env_host_alias_set=
ac_cv_env_host_alias_value=
ac_cv_env_target_alias_set=
ac_cv_env_target_alias_value=
ac_cv_f77_compiler_gnu=no
ac_cv_header_dlfcn_h=yes
ac_cv_header_inttypes_h=yes
ac_cv_header_memory_h=yes
ac_cv_header_stdc=yes
ac_cv_header_stdint_h=yes
ac_cv_header_stdlib_h=yes
ac_cv_header_string_h=yes
ac_cv_header_strings_h=yes
ac_cv_header_sys_stat_h=yes
ac_cv_header_sys_types_h=yes
ac_cv_header_unistd_h=yes
ac_cv_host=i686-pc-linux-gnu
ac_cv_objext=o
ac_cv_path_EGREP='/bin/grep -E'
ac_cv_path_GREP=/bin/grep
ac_cv_prog_AWK=nawk
ac_cv_prog_CPP='gcc -E'
ac_cv_prog_ac_ct_AR=ar
ac_cv_prog_ac_ct_CC=gcc
ac_cv_prog_ac_ct_RANLIB=ranlib
ac_cv_prog_ac_ct_STRIP=strip
ac_cv_prog_cc_c89=
ac_cv_prog_cc_g=yes
ac_cv_prog_cc_gcc_c_o=yes
ac_cv_prog_f77_g=no
ac_cv_target=i686-pc-linux-gnu
lt_cv_deplibs_check_method=pass_all
lt_cv_file_magic_cmd='$MAGIC_CMD'
lt_cv_file_magic_test_file=
lt_cv_ld_reload_flag=-r
lt_cv_objdir=.libs
lt_cv_path_LD=/usr/bin/ld
lt_cv_path_NM='/usr/bin/nm -B'
lt_cv_path_SED=/bin/sed
lt_cv_prog_compiler_c_o=yes
lt_cv_prog_compiler_pic_works=yes
lt_cv_prog_compiler_rtti_exceptions=no
lt_cv_prog_compiler_static_works=yes
lt_cv_prog_gnu_ld=yes
lt_cv_sys_global_symbol_pipe='sed -n -e '\''s/^.*[ 	]\([ABCDGIRSTW][ABCDGIRSTW]*\)[ 	][ 	]*\([_A-Za-z][_A-Za-z0-9]*\)$/\1 \2 \2/p'\'''
lt_cv_sys_global_symbol_to_c_name_address='sed -n -e '\''s/^: \([^ ]*\) $/  {\"\1\", (lt_ptr) 0},/p'\'' -e '\''s/^[BCDEGRST] \([^ ]*\) \([^ ]*\)$/  {"\2", (lt_ptr) \&\2},/p'\'''
lt_cv_sys_global_symbol_to_cdecl='sed -n -e '\''s/^. .* \(.*\)$/extern int \1;/p'\'''
lt_cv_sys_lib_dlsearch_path_spec='/lib /usr/lib /lib/i486-linux-gnu /usr/lib/i486-linux-gnu /usr/local/lib '
lt_cv_sys_lib_search_path_spec='/usr/lib/gcc/i486-linux-gnu/4.2.4 /usr/lib /lib'
lt_cv_sys_max_cmd_len=98304
lt_lt_cv_prog_compiler_c_o='"yes"'
lt_lt_cv_sys_global_symbol_pipe='"sed -n -e '\''s/^.*[ 	]\\([ABCDGIRSTW][ABCDGIRSTW]*\\)[ 	][ 	]*\\([_A-Za-z][_A-Za-z0-9]*\\)\$/\\1 \\2 \\2/p'\''"'
lt_lt_cv_sys_global_symbol_to_c_name_address='"sed -n -e '\''s/^: \\([^ ]*\\) \$/  {\\\"\\1\\\", (lt_ptr) 0},/p'\'' -e '\''s/^[BCDEGRST] \\([^ ]*\\) \\([^ ]*\\)\$/  {\"\\2\", (lt_ptr) \\&\\2},/p'\''"'
lt_lt_cv_sys_global_symbol_to_cdecl='"sed -n -e '\''s/^. .* \\(.*\\)\$/extern int \\1;/p'\''"'
php_cv_cc_dashr=no
php_cv_cc_rpath=yes

## ----------------- ##
## Output variables. ##
## ----------------- ##

AR='ar'
AWK='nawk'
CC='gcc'
CFLAGS='-g -O2'
CONFIGURE_COMMAND=' '\''./configure'\'' '
CONFIGURE_OPTIONS=''
CPP='gcc -E'
CPPFLAGS=' -DHAVE_CONFIG_H'
CXXCPP=''
DEFS='-DHAVE_CONFIG_H'
DSYMUTIL=''
ECHO='echo'
ECHO_C=''
ECHO_N='-n'
ECHO_T=''
EGREP='/bin/grep -E'
EXEEXT=''
F77=''
FFLAGS=''
GREP='/bin/grep'
LDFLAGS=''
LIBOBJS=''
LIBS=''
LIBTOOL='$(SHELL) $(top_builddir)/libtool'
LN_S='ln -s'
LTLIBOBJS=''
NMEDIT=''
OBJEXT='o'
PACKAGE_BUGREPORT=''
PACKAGE_NAME=''
PACKAGE_STRING=''
PACKAGE_TARNAME=''
PACKAGE_VERSION=''
PATH_SEPARATOR=':'
RANLIB='ranlib'
RE2C='exit 0;'
SED='/bin/sed'
SHELL='/bin/sh'
SHLIB_DL_SUFFIX_NAME='so'
SHLIB_SUFFIX_NAME='so'
STRIP='strip'
ac_ct_CC='gcc'
ac_ct_F77=''
bindir='${exec_prefix}/bin'
build='i686-pc-linux-gnu'
build_alias=''
build_cpu='i686'
build_os='linux-gnu'
build_vendor='pc'
datadir='${datarootdir}'
datarootdir='${prefix}/share'
docdir='${datarootdir}/doc/${PACKAGE}'
dvidir='${docdir}'
exec_prefix='$(prefix)'
host='i686-pc-linux-gnu'
host_alias='i686-pc-linux-gnu'
host_cpu='i686'
host_os='linux-gnu'
host_vendor='pc'
htmldir='${docdir}'
includedir='${prefix}/include'
infodir='${datarootdir}/info'
libdir='${exec_prefix}/lib'
libexecdir='${exec_prefix}/libexec'
localedir='${datarootdir}/locale'
localstatedir='${prefix}/var'
mandir='${datarootdir}/man'
oldincludedir='/usr/include'
pdfdir='${docdir}'
prefix='/usr'
program_transform_name='s,x,x,'
psdir='${docdir}'
sbindir='${exec_prefix}/sbin'
sharedstatedir='${prefix}/com'
sysconfdir='${prefix}/etc'
target='i686-pc-linux-gnu'
target_alias=''
target_cpu='i686'
target_os='linux-gnu'
target_vendor='pc'

## ----------- ##
## confdefs.h. ##
## ----------- ##

#define PACKAGE_NAME ""
#define PACKAGE_TARNAME ""
#define PACKAGE_VERSION ""
#define PACKAGE_STRING ""
#define PACKAGE_BUGREPORT ""
#define COMPILE_DL_AVAHI 1
#define STDC_HEADERS 1
#define HAVE_SYS_TYPES_H 1
#define HAVE_SYS_STAT_H 1
#define HAVE_STDLIB_H 1
#define HAVE_STRING_H 1
#define HAVE_MEMORY_H 1
#define HAVE_STRINGS_H 1
#define HAVE_INTTYPES_H 1
#define HAVE_STDINT_H 1
#define HAVE_UNISTD_H 1
#define HAVE_DLFCN_H 1

configure: exit 0
